18:18:43.833 [main] DEBUG testCases.TC_001_AccountRegistrationTest - Application logs....
18:18:43.938 [main] INFO  testCases.TC_001_AccountRegistrationTest - Clicked on My Account link
18:18:44.630 [main] INFO  testCases.TC_001_AccountRegistrationTest - Clicked on registration link
18:18:44.630 [main] INFO  testCases.TC_001_AccountRegistrationTest - Entering customer info
18:18:46.286 [main] INFO  testCases.TC_001_AccountRegistrationTest - clicked on continue..
18:18:46.324 [main] INFO  testCases.TC_001_AccountRegistrationTest - Validating expected message..
18:18:46.324 [main] INFO  testCases.TC_001_AccountRegistrationTest - ******Ending TC_001_AccountRegistrationTest******
18:18:52.835 [main] INFO  testCases.TC_001_AccountRegistrationTest - ******Starting TC_001_AccountRegistrationTest******
18:18:52.835 [main] DEBUG testCases.TC_001_AccountRegistrationTest - Application logs....
18:18:52.928 [main] INFO  testCases.TC_001_AccountRegistrationTest - Clicked on My Account link
18:18:53.843 [main] INFO  testCases.TC_001_AccountRegistrationTest - Clicked on registration link
18:18:53.843 [main] INFO  testCases.TC_001_AccountRegistrationTest - Entering customer info
18:18:55.625 [main] INFO  testCases.TC_001_AccountRegistrationTest - clicked on continue..
18:18:55.664 [main] INFO  testCases.TC_001_AccountRegistrationTest - Validating expected message..
18:18:55.664 [main] INFO  testCases.TC_001_AccountRegistrationTest - ******Ending TC_001_AccountRegistrationTest******
18:22:45.919 [TestNG-tests-1] INFO  testCases.TC_001_AccountRegistrationTest - ******Starting TC_001_AccountRegistrationTest******
18:22:45.923 [TestNG-tests-1] DEBUG testCases.TC_001_AccountRegistrationTest - Application logs....
18:22:46.021 [TestNG-tests-1] INFO  testCases.TC_001_AccountRegistrationTest - Clicked on My Account link
18:22:46.661 [TestNG-tests-1] INFO  testCases.TC_001_AccountRegistrationTest - Clicked on registration link
18:22:46.661 [TestNG-tests-1] INFO  testCases.TC_001_AccountRegistrationTest - Entering customer info
18:22:47.835 [TestNG-tests-2] INFO  testCases.TC_001_AccountRegistrationTest - ******Starting TC_001_AccountRegistrationTest******
18:22:47.835 [TestNG-tests-2] DEBUG testCases.TC_001_AccountRegistrationTest - Application logs....
18:22:48.092 [TestNG-tests-1] INFO  testCases.TC_001_AccountRegistrationTest - clicked on continue..
18:22:48.091 [TestNG-tests-2] INFO  testCases.TC_001_AccountRegistrationTest - Clicked on My Account link
18:22:48.159 [TestNG-tests-1] INFO  testCases.TC_001_AccountRegistrationTest - Validating expected message..
18:22:48.163 [TestNG-tests-1] INFO  testCases.TC_001_AccountRegistrationTest - ******Ending TC_001_AccountRegistrationTest******
18:22:48.909 [TestNG-tests-2] INFO  testCases.TC_001_AccountRegistrationTest - Clicked on registration link
18:22:48.909 [TestNG-tests-2] INFO  testCases.TC_001_AccountRegistrationTest - Entering customer info
18:22:50.584 [TestNG-tests-2] INFO  testCases.TC_001_AccountRegistrationTest - clicked on continue..
18:22:50.616 [TestNG-tests-2] INFO  testCases.TC_001_AccountRegistrationTest - Validating expected message..
18:22:50.616 [TestNG-tests-2] INFO  testCases.TC_001_AccountRegistrationTest - ******Ending TC_001_AccountRegistrationTest******
19:54:58.551 [main] INFO  testCases.TC_001_AccountRegistrationTest - ******Starting TC_001_AccountRegistrationTest******
19:54:58.556 [main] DEBUG testCases.TC_001_AccountRegistrationTest - Application logs....
19:54:58.780 [main] INFO  testCases.TC_001_AccountRegistrationTest - Clicked on My Account link
19:55:00.051 [main] INFO  testCases.TC_001_AccountRegistrationTest - Clicked on registration link
19:55:00.051 [main] INFO  testCases.TC_001_AccountRegistrationTest - Entering customer info
19:55:01.935 [main] INFO  testCases.TC_001_AccountRegistrationTest - clicked on continue..
19:55:01.987 [main] INFO  testCases.TC_001_AccountRegistrationTest - Validating expected message..
19:55:01.989 [main] INFO  testCases.TC_001_AccountRegistrationTest - ******Ending TC_001_AccountRegistrationTest******
11:27:20.840 [main] INFO  testCases.TC_001_AccountRegistrationTest - ******Starting TC_001_AccountRegistrationTest******
11:27:20.847 [main] DEBUG testCases.TC_001_AccountRegistrationTest - Capturing application debug logs....
11:27:20.945 [main] INFO  testCases.TC_001_AccountRegistrationTest - Clicked on My Account link
11:27:21.776 [main] INFO  testCases.TC_001_AccountRegistrationTest - Clicked on registration link
11:27:21.776 [main] INFO  testCases.TC_001_AccountRegistrationTest - Entering customer info
11:27:23.266 [main] INFO  testCases.TC_001_AccountRegistrationTest - clicked on continue..
11:27:23.287 [main] INFO  testCases.TC_001_AccountRegistrationTest - Validating expected message..
11:27:23.287 [main] INFO  testCases.TC_001_AccountRegistrationTest - ******Finished TC_001_AccountRegistrationTest******
11:27:28.163 [main] INFO  testCases.TC_002_LoginTest - ******Starting TC_002_LoginTest******
